{"C:\\Users\\lisan\\OneDrive\\Desktop\\rest-api\\src\\router.ts": {"path":"C:\\Users\\lisan\\OneDrive\\Desktop\\rest-api\\src\\router.ts","statementMap":{"0":{"start":{"line":1,"column":0},"end":{"line":1,"column":33}},"1":{"start":{"line":2,"column":0},"end":{"line":2,"column":null}},"2":{"start":{"line":10,"column":0},"end":{"line":10,"column":48}},"3":{"start":{"line":11,"column":0},"end":{"line":11,"column":49}},"4":{"start":{"line":13,"column":23},"end":{"line":13,"column":31}},"5":{"start":{"line":15,"column":0},"end":{"line":15,"column":40}},"6":{"start":{"line":17,"column":0},"end":{"line":22,"column":2}},"7":{"start":{"line":24,"column":0},"end":{"line":39,"column":2}},"8":{"start":{"line":31,"column":23},"end":{"line":31,"column":32}},"9":{"start":{"line":41,"column":0},"end":{"line":59,"column":2}},"10":{"start":{"line":49,"column":23},"end":{"line":49,"column":32}},"11":{"start":{"line":61,"column":0},"end":{"line":66,"column":2}},"12":{"start":{"line":68,"column":0},"end":{"line":74,"column":2}},"13":{"start":{"line":76,"column":0},"end":{"line":76,"column":30}}},"fnMap":{"0":{"name":"(anonymous_0)","decl":{"start":{"line":31,"column":12},"end":{"line":31,"column":13}},"loc":{"start":{"line":31,"column":23},"end":{"line":31,"column":32}}},"1":{"name":"(anonymous_1)","decl":{"start":{"line":49,"column":12},"end":{"line":49,"column":13}},"loc":{"start":{"line":49,"column":23},"end":{"line":49,"column":32}}}},"branchMap":{},"s":{"0":2,"1":2,"2":2,"3":2,"4":2,"5":2,"6":2,"7":2,"8":4,"9":2,"10":5,"11":2,"12":2,"13":2},"f":{"0":4,"1":5},"b":{}}
,"C:\\Users\\lisan\\OneDrive\\Desktop\\rest-api\\src\\server.ts": {"path":"C:\\Users\\lisan\\OneDrive\\Desktop\\rest-api\\src\\server.ts","statementMap":{"0":{"start":{"line":7,"column":0},"end":{"line":7,"column":7}},"1":{"start":{"line":1,"column":0},"end":{"line":1,"column":30}},"2":{"start":{"line":2,"column":0},"end":{"line":2,"column":38}},"3":{"start":{"line":3,"column":0},"end":{"line":3,"column":29}},"4":{"start":{"line":4,"column":0},"end":{"line":4,"column":28}},"5":{"start":{"line":8,"column":2},"end":{"line":17,"column":3}},"6":{"start":{"line":9,"column":4},"end":{"line":9,"column":28}},"7":{"start":{"line":11,"column":4},"end":{"line":11,"column":14}},"8":{"start":{"line":16,"column":4},"end":{"line":16,"column":67}},"9":{"start":{"line":19,"column":0},"end":{"line":19,"column":12}},"10":{"start":{"line":22,"column":15},"end":{"line":22,"column":24}},"11":{"start":{"line":25,"column":0},"end":{"line":25,"column":27}},"12":{"start":{"line":28,"column":0},"end":{"line":28,"column":44}},"13":{"start":{"line":30,"column":0},"end":{"line":32,"column":3}},"14":{"start":{"line":31,"column":2},"end":{"line":31,"column":33}},"15":{"start":{"line":34,"column":0},"end":{"line":34,"column":22}}},"fnMap":{"0":{"name":"connectDB","decl":{"start":{"line":7,"column":22},"end":{"line":7,"column":31}},"loc":{"start":{"line":7,"column":31},"end":{"line":18,"column":1}}},"1":{"name":"(anonymous_2)","decl":{"start":{"line":30,"column":19},"end":{"line":30,"column":20}},"loc":{"start":{"line":30,"column":32},"end":{"line":32,"column":1}}}},"branchMap":{},"s":{"0":2,"1":2,"2":2,"3":2,"4":2,"5":3,"6":3,"7":2,"8":1,"9":2,"10":2,"11":2,"12":2,"13":2,"14":1,"15":2},"f":{"0":3,"1":1},"b":{}}
,"C:\\Users\\lisan\\OneDrive\\Desktop\\rest-api\\src\\config\\db.ts": {"path":"C:\\Users\\lisan\\OneDrive\\Desktop\\rest-api\\src\\config\\db.ts","statementMap":{"0":{"start":{"line":1,"column":0},"end":{"line":1,"column":49}},"1":{"start":{"line":2,"column":0},"end":{"line":2,"column":28}},"2":{"start":{"line":3,"column":0},"end":{"line":3,"column":16}},"3":{"start":{"line":5,"column":11},"end":{"line":8,"column":2}},"4":{"start":{"line":10,"column":0},"end":{"line":10,"column":18}}},"fnMap":{},"branchMap":{},"s":{"0":2,"1":2,"2":2,"3":2,"4":2},"f":{},"b":{}}
,"C:\\Users\\lisan\\OneDrive\\Desktop\\rest-api\\src\\handlers\\product.ts": {"path":"C:\\Users\\lisan\\OneDrive\\Desktop\\rest-api\\src\\handlers\\product.ts","statementMap":{"0":{"start":{"line":2,"column":0},"end":{"line":2,"column":40}},"1":{"start":{"line":4,"column":30},"end":{"line":12,"column":1}},"2":{"start":{"line":8,"column":19},"end":{"line":10,"column":4}},"3":{"start":{"line":11,"column":2},"end":{"line":11,"column":31}},"4":{"start":{"line":4,"column":13},"end":{"line":4,"column":30}},"5":{"start":{"line":14,"column":30},"end":{"line":29,"column":1}},"6":{"start":{"line":18,"column":17},"end":{"line":18,"column":27}},"7":{"start":{"line":19,"column":22},"end":{"line":19,"column":48}},"8":{"start":{"line":21,"column":2},"end":{"line":26,"column":3}},"9":{"start":{"line":22,"column":4},"end":{"line":24,"column":7}},"10":{"start":{"line":25,"column":4},"end":{"line":25,"column":11}},"11":{"start":{"line":28,"column":2},"end":{"line":28,"column":34}},"12":{"start":{"line":14,"column":13},"end":{"line":14,"column":30}},"13":{"start":{"line":31,"column":29},"end":{"line":37,"column":1}},"14":{"start":{"line":35,"column":18},"end":{"line":35,"column":48}},"15":{"start":{"line":36,"column":2},"end":{"line":36,"column":42}},"16":{"start":{"line":31,"column":13},"end":{"line":31,"column":29}},"17":{"start":{"line":39,"column":29},"end":{"line":57,"column":1}},"18":{"start":{"line":43,"column":17},"end":{"line":43,"column":27}},"19":{"start":{"line":44,"column":22},"end":{"line":44,"column":48}},"20":{"start":{"line":46,"column":2},"end":{"line":51,"column":3}},"21":{"start":{"line":47,"column":4},"end":{"line":49,"column":7}},"22":{"start":{"line":50,"column":4},"end":{"line":50,"column":11}},"23":{"start":{"line":54,"column":25},"end":{"line":54,"column":59}},"24":{"start":{"line":55,"column":2},"end":{"line":55,"column":30}},"25":{"start":{"line":56,"column":2},"end":{"line":56,"column":37}},"26":{"start":{"line":39,"column":13},"end":{"line":39,"column":29}},"27":{"start":{"line":59,"column":34},"end":{"line":77,"column":1}},"28":{"start":{"line":63,"column":17},"end":{"line":63,"column":27}},"29":{"start":{"line":64,"column":22},"end":{"line":64,"column":48}},"30":{"start":{"line":66,"column":2},"end":{"line":71,"column":3}},"31":{"start":{"line":67,"column":4},"end":{"line":69,"column":7}},"32":{"start":{"line":70,"column":4},"end":{"line":70,"column":11}},"33":{"start":{"line":74,"column":2},"end":{"line":74,"column":66}},"34":{"start":{"line":75,"column":2},"end":{"line":75,"column":27}},"35":{"start":{"line":76,"column":2},"end":{"line":76,"column":34}},"36":{"start":{"line":59,"column":13},"end":{"line":59,"column":34}},"37":{"start":{"line":79,"column":29},"end":{"line":96,"column":1}},"38":{"start":{"line":83,"column":17},"end":{"line":83,"column":27}},"39":{"start":{"line":84,"column":22},"end":{"line":84,"column":48}},"40":{"start":{"line":86,"column":2},"end":{"line":91,"column":3}},"41":{"start":{"line":87,"column":4},"end":{"line":89,"column":7}},"42":{"start":{"line":90,"column":4},"end":{"line":90,"column":11}},"43":{"start":{"line":94,"column":25},"end":{"line":94,"column":52}},"44":{"start":{"line":95,"column":2},"end":{"line":95,"column":40}},"45":{"start":{"line":79,"column":13},"end":{"line":79,"column":29}}},"fnMap":{"0":{"name":"(anonymous_1)","decl":{"start":{"line":4,"column":30},"end":{"line":4,"column":35}},"loc":{"start":{"line":7,"column":19},"end":{"line":12,"column":1}}},"1":{"name":"(anonymous_2)","decl":{"start":{"line":14,"column":30},"end":{"line":14,"column":35}},"loc":{"start":{"line":17,"column":19},"end":{"line":29,"column":1}}},"2":{"name":"(anonymous_3)","decl":{"start":{"line":31,"column":29},"end":{"line":31,"column":34}},"loc":{"start":{"line":34,"column":19},"end":{"line":37,"column":1}}},"3":{"name":"(anonymous_4)","decl":{"start":{"line":39,"column":29},"end":{"line":39,"column":34}},"loc":{"start":{"line":42,"column":19},"end":{"line":57,"column":1}}},"4":{"name":"(anonymous_5)","decl":{"start":{"line":59,"column":34},"end":{"line":59,"column":39}},"loc":{"start":{"line":62,"column":19},"end":{"line":77,"column":1}}},"5":{"name":"(anonymous_6)","decl":{"start":{"line":79,"column":29},"end":{"line":79,"column":34}},"loc":{"start":{"line":82,"column":19},"end":{"line":96,"column":1}}}},"branchMap":{"0":{"loc":{"start":{"line":21,"column":2},"end":{"line":26,"column":3}},"type":"if","locations":[{"start":{"line":21,"column":2},"end":{"line":26,"column":3}}]},"1":{"loc":{"start":{"line":46,"column":2},"end":{"line":51,"column":3}},"type":"if","locations":[{"start":{"line":46,"column":2},"end":{"line":51,"column":3}}]},"2":{"loc":{"start":{"line":66,"column":2},"end":{"line":71,"column":3}},"type":"if","locations":[{"start":{"line":66,"column":2},"end":{"line":71,"column":3}}]},"3":{"loc":{"start":{"line":86,"column":2},"end":{"line":91,"column":3}},"type":"if","locations":[{"start":{"line":86,"column":2},"end":{"line":91,"column":3}}]}},"s":{"0":2,"1":2,"2":2,"3":2,"4":2,"5":2,"6":2,"7":2,"8":2,"9":1,"10":1,"11":1,"12":2,"13":2,"14":1,"15":1,"16":2,"17":2,"18":2,"19":2,"20":2,"21":1,"22":1,"23":1,"24":1,"25":1,"26":2,"27":2,"28":2,"29":2,"30":2,"31":1,"32":1,"33":1,"34":1,"35":1,"36":2,"37":2,"38":2,"39":2,"40":2,"41":1,"42":1,"43":1,"44":1,"45":2},"f":{"0":2,"1":2,"2":1,"3":2,"4":2,"5":2},"b":{"0":[1],"1":[1],"2":[1],"3":[1]}}
,"C:\\Users\\lisan\\OneDrive\\Desktop\\rest-api\\src\\middleware\\index.ts": {"path":"C:\\Users\\lisan\\OneDrive\\Desktop\\rest-api\\src\\middleware\\index.ts","statementMap":{"0":{"start":{"line":2,"column":0},"end":{"line":2,"column":53}},"1":{"start":{"line":4,"column":33},"end":{"line":13,"column":1}},"2":{"start":{"line":7,"column":15},"end":{"line":7,"column":36}},"3":{"start":{"line":8,"column":2},"end":{"line":11,"column":3}},"4":{"start":{"line":9,"column":4},"end":{"line":9,"column":53}},"5":{"start":{"line":10,"column":4},"end":{"line":10,"column":10}},"6":{"start":{"line":12,"column":4},"end":{"line":12,"column":null}},"7":{"start":{"line":4,"column":13},"end":{"line":4,"column":33}}},"fnMap":{"0":{"name":"(anonymous_0)","decl":{"start":{"line":4,"column":33},"end":{"line":4,"column":34}},"loc":{"start":{"line":4,"column":83},"end":{"line":13,"column":1}}}},"branchMap":{"0":{"loc":{"start":{"line":8,"column":2},"end":{"line":11,"column":3}},"type":"if","locations":[{"start":{"line":8,"column":2},"end":{"line":11,"column":3}}]}},"s":{"0":2,"1":2,"2":17,"3":17,"4":8,"5":8,"6":9,"7":2},"f":{"0":17},"b":{"0":[8]}}
,"C:\\Users\\lisan\\OneDrive\\Desktop\\rest-api\\src\\models\\Product.ts": {"path":"C:\\Users\\lisan\\OneDrive\\Desktop\\rest-api\\src\\models\\Product.ts","statementMap":{"0":{"start":{"line":1,"column":0},"end":{"line":1,"column":76}},"1":{"start":{"line":8,"column":0},"end":{"line":23,"column":null}},"2":{"start":{"line":12,"column":12},"end":{"line":12,"column":null}},"3":{"start":{"line":16,"column":12},"end":{"line":16,"column":null}},"4":{"start":{"line":22,"column":12},"end":{"line":22,"column":null}},"5":{"start":{"line":8,"column":6},"end":{"line":23,"column":null}},"6":{"start":{"line":25,"column":0},"end":{"line":25,"column":null}}},"fnMap":{},"branchMap":{},"s":{"0":3,"1":3,"2":3,"3":3,"4":3,"5":3,"6":3},"f":{},"b":{}}
}
