TN:
SF:src\router.ts
FN:31,(anonymous_0)
FN:49,(anonymous_1)
FNF:2
FNH:2
FNDA:4,(anonymous_0)
FNDA:5,(anonymous_1)
DA:1,2
DA:2,2
DA:10,2
DA:11,2
DA:13,2
DA:15,2
DA:17,2
DA:24,2
DA:31,4
DA:41,2
DA:49,5
DA:61,2
DA:68,2
DA:76,2
LF:14
LH:14
BRF:0
BRH:0
end_of_record
TN:
SF:src\server.ts
FN:7,connectDB
FN:30,(anonymous_2)
FNF:2
FNH:2
FNDA:3,connectDB
FNDA:1,(anonymous_2)
DA:1,2
DA:2,2
DA:3,2
DA:4,2
DA:7,2
DA:8,3
DA:9,3
DA:11,2
DA:16,1
DA:19,2
DA:22,2
DA:25,2
DA:28,2
DA:30,2
DA:31,1
DA:34,2
LF:16
LH:16
BRF:0
BRH:0
end_of_record
TN:
SF:src\config\db.ts
FNF:0
FNH:0
DA:1,2
DA:2,2
DA:3,2
DA:5,2
DA:10,2
LF:5
LH:5
BRF:0
BRH:0
end_of_record
TN:
SF:src\handlers\product.ts
FN:4,(anonymous_1)
FN:14,(anonymous_2)
FN:31,(anonymous_3)
FN:39,(anonymous_4)
FN:59,(anonymous_5)
FN:79,(anonymous_6)
FNF:6
FNH:6
FNDA:2,(anonymous_1)
FNDA:2,(anonymous_2)
FNDA:1,(anonymous_3)
FNDA:2,(anonymous_4)
FNDA:2,(anonymous_5)
FNDA:2,(anonymous_6)
DA:2,2
DA:4,2
DA:8,2
DA:11,2
DA:14,2
DA:18,2
DA:19,2
DA:21,2
DA:22,1
DA:25,1
DA:28,1
DA:31,2
DA:35,1
DA:36,1
DA:39,2
DA:43,2
DA:44,2
DA:46,2
DA:47,1
DA:50,1
DA:54,1
DA:55,1
DA:56,1
DA:59,2
DA:63,2
DA:64,2
DA:66,2
DA:67,1
DA:70,1
DA:74,1
DA:75,1
DA:76,1
DA:79,2
DA:83,2
DA:84,2
DA:86,2
DA:87,1
DA:90,1
DA:94,1
DA:95,1
LF:40
LH:40
BRDA:21,0,0,1
BRDA:46,1,0,1
BRDA:66,2,0,1
BRDA:86,3,0,1
BRF:4
BRH:4
end_of_record
TN:
SF:src\middleware\index.ts
FN:4,(anonymous_0)
FNF:1
FNH:1
FNDA:17,(anonymous_0)
DA:2,2
DA:4,2
DA:7,17
DA:8,17
DA:9,8
DA:10,8
DA:12,9
LF:7
LH:7
BRDA:8,0,0,8
BRF:1
BRH:1
end_of_record
TN:
SF:src\models\Product.ts
FNF:0
FNH:0
DA:1,3
DA:8,3
DA:12,3
DA:16,3
DA:22,3
DA:25,3
LF:6
LH:6
BRF:0
BRH:0
end_of_record
